2019-05-22 20:54:02.723665: I tensorflow/core/platform/cpu_feature_guard.cc:141] Your CPU supports instructions that this TensorFlow binary was not compiled to use: AVX2 FMA
2019-05-22 20:54:02.855027: I tensorflow/stream_executor/cuda/cuda_gpu_executor.cc:964] successful NUMA node read from SysFS had negative value (-1), but there must be at least one NUMA node, so returning NUMA node zero
2019-05-22 20:54:02.855667: I tensorflow/core/common_runtime/gpu/gpu_device.cc:1432] Found device 0 with properties: 
name: GeForce GTX TITAN X major: 5 minor: 2 memoryClockRate(GHz): 1.076
pciBusID: 0000:0c:00.0
totalMemory: 11.92GiB freeMemory: 11.57GiB
2019-05-22 20:54:02.855686: I tensorflow/core/common_runtime/gpu/gpu_device.cc:1511] Adding visible gpu devices: 0
2019-05-22 20:54:04.127434: I tensorflow/core/common_runtime/gpu/gpu_device.cc:982] Device interconnect StreamExecutor with strength 1 edge matrix:
2019-05-22 20:54:04.127479: I tensorflow/core/common_runtime/gpu/gpu_device.cc:988]      0 
2019-05-22 20:54:04.127486: I tensorflow/core/common_runtime/gpu/gpu_device.cc:1001] 0:   N 
2019-05-22 20:54:04.127777: I tensorflow/core/common_runtime/gpu/gpu_device.cc:1115] Created TensorFlow device (/job:localhost/replica:0/task:0/device:GPU:0 with 11193 MB memory) -> physical GPU (device: 0, name: GeForce GTX TITAN X, pci bus id: 0000:0c:00.0, compute capability: 5.2)
Run Time: 2350
Run Time: 2378
Run Time: 2594
Run Time: 2469
Run Time: 2780
Run Time: 2385
Run Time: 2509
Run Time: 2529
Run Time: 2857
Run Time: 2531
Run Time: 2375
Run Time: 2871
Run Time: 2422
Run Time: 2393
Run Time: 2600
Run Time: 2606
Run Time: 2376
Run Time: 2416
Run Time: 2490
Run Time: 2577
Run Time: 2625
Run Time: 2540
Run Time: 2542
Run Time: 2627
Run Time: 2385
Run Time: 2386
Run Time: 2744
Run Time: 2610
Run Time: 2408
Run Time: 2410
Run Time: 2617
Run Time: 2425
Run Time: 2582
Run Time: 2476
Run Time: 2578
Run Time: 2533
Run Time: 2375
Run Time: 3285
Run Time: 2430
Run Time: 2509
Run Time: 2578
Run Time: 2554
Run Time: 2572
Run Time: 2530
Run Time: 2602
Run Time: 2514
Run Time: 2542
Run Time: 2632
Run Time: 2600
Run Time: 2617
Run Time: 2384
Run Time: 2552
Run Time: 2503
Run Time: 2572
Run Time: 2515
Run Time: 2582
Run Time: 2444
Run Time: 2487
Run Time: 2621
Run Time: 2725
Run Time: 2583
Run Time: 2386
Run Time: 2606
Run Time: 2766
Run Time: 2524
Run Time: 2483
Run Time: 2717
Run Time: 2703
Run Time: 2416
Run Time: 2596
Run Time: 2598
Run Time: 2636
Run Time: 2531
Run Time: 2466
Run Time: 2763
Run Time: 2423
Run Time: 2530
Run Time: 2471
Run Time: 2709
Run Time: 2554
Run Time: 2542
Run Time: 2550
Run Time: 2690
Run Time: 2371
Run Time: 2376
Run Time: 2786
Run Time: 2485
Run Time: 2519
Run Time: 2581
Run Time: 2702
Run Time: 2634
Run Time: 2420
Run Time: 2648
Run Time: 2623
Run Time: 2469
Run Time: 2614
Run Time: 2736
Run Time: 2610
Run Time: 2561
Run Time: 2882
Run Time: 2627
Run Time: 2350
Run Time: 2406
Run Time: 2388
Run Time: 2456
Run Time: 2523
Run Time: 2406
Run Time: 2390
Run Time: 2532
Run Time: 2387
Run Time: 2404
Run Time: 2520
Run Time: 2381
Run Time: 2377
Run Time: 2504
Run Time: 2456
Run Time: 2408
Run Time: 2466
Run Time: 2545
Run Time: 2408
Run Time: 2462
Run Time: 2573
Run Time: 2413
Run Time: 2408
Run Time: 2535
Run Time: 2383
Run Time: 2378
Run Time: 2538
Run Time: 2408
Run Time: 2374
Run Time: 2509
Run Time: 2692
Run Time: 2411
Run Time: 2443
Run Time: 2569
Run Time: 2408
Run Time: 2407
Run Time: 2551
Run Time: 2410
Run Time: 2384
Run Time: 2496
Run Time: 2387
Run Time: 2404
Run Time: 2507
Run Time: 2485
Run Time: 2391
Run Time: 2441
Run Time: 2475
Run Time: 2403
Run Time: 2428
Run Time: 2535
Run Time: 2391
Run Time: 2392
Run Time: 2565
Run Time: 2466
Run Time: 2398
Run Time: 2524
Run Time: 2501
Run Time: 2407
Run Time: 2486
Run Time: 2459
Run Time: 2388
Run Time: 2426
Run Time: 2446
Run Time: 2398
Run Time: 2379
Run Time: 2501
Run Time: 2389
Run Time: 2408
Run Time: 2528
Run Time: 2393
Run Time: 2404
Run Time: 2508
Run Time: 2453
Run Time: 2434
Run Time: 2463
Run Time: 2503
Run Time: 2392
Run Time: 2416
Run Time: 2526
Run Time: 2373
Run Time: 2383
Run Time: 2544
Run Time: 2393
Run Time: 2417
Run Time: 2503
Run Time: 2402
Run Time: 2389
Run Time: 2501
Run Time: 2489
Run Time: 2419
Run Time: 2413
Run Time: 2496
Run Time: 2428
Run Time: 2423
Run Time: 2589
Run Time: 2461
Run Time: 2375
Run Time: 2526
Run Time: 2432
Run Time: 2367
Run Time: 2496
Run Time: 2347
Run Time: 2403
Run Time: 2377
Run Time: 2438
Run Time: 2437
Run Time: 2371
Run Time: 2474
Run Time: 2449
Run Time: 2397
Run Time: 2409
Run Time: 2579
Run Time: 2379
Run Time: 2567
Run Time: 2473
Run Time: 2404
Run Time: 2416
Run Time: 2675
Run Time: 2394
Run Time: 2570
Run Time: 2592
Run Time: 2389
Run Time: 2393
Run Time: 2565
Run Time: 2384
Run Time: 2403
Run Time: 2499
Run Time: 2376
Run Time: 2385
Run Time: 2485
Run Time: 2378
Run Time: 2596
Run Time: 2497
Run Time: 2552
Run Time: 2401
Run Time: 2527
Run Time: 2382
Run Time: 2384
Run Time: 2472
Run Time: 2384
Run Time: 2382
Run Time: 2533
Run Time: 2383
Run Time: 2388
Run Time: 2513
Run Time: 2378
Run Time: 2407
Run Time: 2408
Run Time: 2366
Run Time: 2376
Run Time: 2504
Run Time: 2436
Run Time: 2388
Run Time: 2491
Run Time: 2482
Run Time: 2399
Run Time: 2451
Run Time: 2379
Run Time: 2405
Run Time: 2433
Run Time: 2494
Run Time: 2398
Run Time: 2439
Run Time: 2422
Run Time: 2396
Run Time: 2431
Run Time: 2427
Run Time: 2404
Run Time: 2400
Run Time: 2479
Run Time: 2401
Run Time: 2425
Run Time: 2499
Run Time: 2396
Run Time: 2432
Run Time: 2486
Run Time: 2375
Run Time: 2444
Run Time: 2583
Run Time: 2400
Run Time: 2425
Run Time: 2529
Run Time: 2415
Run Time: 2400
Run Time: 2520
Run Time: 2378
Run Time: 2427
Run Time: 2498
Run Time: 2416
Run Time: 2401
Run Time: 2532
Run Time: 2394
Run Time: 2401
Run Time: 2528
Run Time: 2376
Run Time: 2356
Run Time: 2521
Run Time: 2384
Run Time: 2401
Run Time: 2491
Run Time: 2404
Run Time: 2404
Run Time: 2349
Run Time: 2405
Run Time: 2410
Run Time: 2451
Run Time: 2508
Run Time: 2385
Run Time: 2441
Run Time: 2375
Run Time: 2351
Run Time: 2443
Run Time: 2399
Run Time: 2380
Run Time: 2436
Run Time: 2412
Run Time: 2360
Run Time: 2450
Run Time: 2408
Run Time: 2382
Run Time: 2427
Run Time: 2392
Run Time: 2400
Run Time: 2449
Run Time: 2424
Run Time: 2365
Run Time: 2413
Run Time: 2410
Run Time: 2377
Run Time: 2422
Run Time: 2405
Run Time: 2365
Run Time: 2461
Run Time: 2401
Run Time: 2400
Run Time: 2464
Run Time: 2409
Run Time: 2392
Run Time: 2471
Run Time: 2472
Run Time: 2402
Run Time: 2472
Run Time: 2382
Run Time: 2360
Run Time: 2476
Run Time: 2403
Run Time: 2367
Run Time: 2467
Run Time: 2497
Run Time: 2388
Run Time: 2480
Run Time: 2388
Run Time: 2381
Run Time: 2431
Run Time: 2400
Run Time: 2387
Run Time: 2473
Run Time: 2395
Run Time: 2400
Run Time: 2475
Run Time: 2428
Run Time: 2406
Run Time: 2485
Run Time: 2402
Run Time: 2424
Run Time: 2463
Run Time: 2416
Run Time: 2376
Run Time: 2426
Run Time: 2388
Run Time: 2411
Run Time: 2492
Run Time: 2388
Run Time: 2388
Run Time: 2476
Run Time: 2387
Run Time: 2418
Run Time: 2524
Run Time: 2387
Run Time: 2361
Run Time: 2433
Run Time: 2389
Run Time: 2397
Run Time: 2507
Run Time: 2391
Run Time: 2398
Run Time: 2398
Run Time: 2395
Run Time: 2391
Run Time: 2529
Run Time: 2411
Run Time: 2397
Run Time: 2513
Run Time: 2389
Run Time: 2394
Run Time: 2588
Run Time: 2396
Run Time: 2382
Run Time: 2570
Run Time: 2370
Run Time: 2382
Run Time: 2565
Run Time: 2397
Run Time: 2345
Run Time: 2390
Run Time: 2380
Run Time: 2395
Run Time: 2391
Run Time: 2399
Run Time: 2462
Run Time: 2428
Run Time: 2408
Run Time: 2456
Run Time: 2383
Run Time: 2407
Run Time: 2431
Run Time: 2394
Run Time: 2399
Run Time: 2477
Run Time: 2385
Run Time: 2415
Run Time: 2483
Run Time: 2405
Run Time: 2400
Run Time: 2485
Run Time: 2401
Run Time: 2380
Run Time: 2446
Run Time: 2354
Run Time: 2381
Run Time: 2490
Run Time: 2399
Run Time: 2373
Run Time: 2485
Run Time: 2382
Run Time: 2384
Run Time: 2514
Run Time: 2398
Run Time: 2386
Run Time: 2508
Run Time: 2386
Run Time: 2411
Run Time: 2448
Run Time: 2383
Run Time: 2383
Run Time: 2458
Run Time: 2376
Run Time: 2427
Run Time: 2396
Run Time: 2398
Run Time: 2447
Run Time: 2432
Run Time: 2373
Run Time: 2455
Run Time: 2439
Run Time: 2414
Run Time: 2444
Run Time: 2398
Run Time: 2387
Run Time: 2463
Run Time: 2421
Run Time: 2415
Run Time: 2482
Run Time: 2398
Run Time: 2385
Run Time: 2520
Run Time: 2391
Run Time: 2400
Run Time: 2544
Run Time: 2396
Run Time: 2399
Run Time: 2516
Run Time: 2386
Run Time: 2396
Run Time: 2459
Run Time: 2388
Run Time: 2407
Run Time: 2387
Run Time: 2372
Run Time: 2459
Run Time: 2451
Run Time: 2416
Run Time: 2460
Run Time: 2426
Run Time: 2379
Run Time: 2483
Run Time: 2410
Run Time: 2384
Run Time: 2470
Run Time: 2387
Run Time: 2385
Run Time: 2844
Run Time: 2382
Run Time: 2403
Run Time: 2471
Run Time: 2403
Run Time: 2372
Run Time: 2494
Run Time: 2372
Run Time: 2401
Run Time: 2560
Run Time: 2402
Run Time: 2383
Run Time: 2458
Run Time: 2350
Run Time: 2371
Run Time: 2386
Run Time: 2447
Run Time: 2383
Run Time: 2393
Run Time: 2446
Run Time: 2396
Run Time: 2379
Run Time: 2471
Run Time: 2511
Run Time: 2386
Run Time: 2443
Run Time: 2381
Run Time: 2392
Run Time: 2456
Run Time: 2391
Run Time: 2386
Run Time: 2628
Run Time: 2355
Run Time: 2500
Run Time: 2450
Run Time: 2567
Run Time: 2419
Run Time: 2501
Run Time: 2389
Run Time: 2426
Run Time: 2370
Run Time: 2450
Run Time: 2519
Run Time: 2434
Run Time: 2370
Run Time: 2478
Run Time: 2388
Run Time: 2585
Run Time: 2558
Run Time: 2396
Run Time: 2397
Run Time: 2548
Run Time: 2402
Run Time: 2388
Run Time: 2446
Run Time: 2382
Run Time: 2392
Run Time: 2386
Run Time: 2394
Run Time: 2472
Run Time: 2388
Run Time: 2380
Run Time: 2466
Run Time: 2372
Run Time: 2376
Run Time: 2411
Run Time: 2393
Run Time: 2393
Run Time: 2489
Run Time: 2539
Run Time: 2393
Run Time: 2474
Run Time: 2412
Run Time: 2378
Run Time: 2408
Run Time: 2394
Run Time: 2403
Run Time: 2699
Run Time: 2379
Run Time: 2451
Run Time: 2425
Run Time: 2371
Run Time: 2477
Run Time: 2405
Run Time: 2411
Run Time: 2432
Run Time: 2392
Run Time: 2398
Run Time: 2472
Run Time: 2399
Run Time: 2406
Run Time: 2494
Run Time: 2378
Run Time: 2388
Run Time: 2399
Run Time: 2379
Run Time: 2372
Run Time: 2390
Run Time: 2384
Run Time: 2413
Run Time: 2398
Run Time: 2513
Run Time: 2406
Run Time: 2471
Run Time: 2415
Run Time: 2419
Run Time: 2393
Run Time: 2560
Run Time: 2484
Run Time: 2557
Run Time: 2379
Run Time: 2404
Run Time: 2375
Run Time: 2399
Run Time: 2371
Run Time: 2590
Run Time: 2382
Run Time: 2468
Run Time: 2395
Run Time: 2567
Run Time: 2474
Run Time: 2405
Run Time: 2384
Run Time: 2411
Run Time: 2397
Run Time: 2389
Run Time: 2552
Run Time: 2387
Run Time: 2396
Run Time: 2479
Run Time: 2377
Run Time: 2624
Run Time: 2498
Run Time: 2376
Run Time: 2418
Run Time: 2520
Run Time: 2377
Run Time: 2453
Run Time: 2508
Run Time: 2390
Run Time: 2468
Run Time: 2388
Run Time: 2387
Run Time: 2490
Run Time: 2384
Run Time: 2396
Run Time: 2465
Run Time: 2375
Run Time: 2367
Run Time: 2569
Run Time: 2384
Run Time: 2411
Run Time: 2410
Run Time: 2427
Run Time: 2391
Run Time: 2478
Run Time: 2389
Run Time: 2637
Run Time: 2415
Run Time: 2593
Run Time: 2466
Run Time: 2398
Run Time: 2409
Run Time: 2427
Run Time: 2366
Run Time: 2565
Run Time: 2470
Run Time: 2373
Run Time: 2402
Run Time: 2435
Run Time: 2381
Run Time: 2595
Run Time: 2473
Run Time: 2395
Run Time: 2412
Run Time: 2632
Run Time: 2396
Run Time: 2448
Run Time: 2408
Run Time: 2390
Run Time: 2480
Run Time: 2421
Run Time: 2397
Run Time: 2426
Run Time: 2396
Run Time: 2392
Run Time: 2509
Run Time: 2414
Run Time: 2414
Run Time: 2712
Run Time: 2410
Run Time: 2403
Run Time: 2422
Run Time: 2613
Run Time: 2431
Run Time: 2371
Run Time: 2358
Run Time: 2461
Run Time: 2413
Run Time: 2599
Run Time: 2512
Run Time: 2400
Run Time: 2401
Run Time: 2682
Run Time: 2394
Run Time: 2386
Run Time: 2419
Run Time: 2391
Run Time: 2367
Run Time: 2436
Run Time: 2371
Run Time: 2436
Run Time: 2521
Run Time: 2386
Run Time: 2448
Run Time: 2350
Run Time: 2402
Run Time: 2515
Run Time: 2445
Run Time: 2554
Run Time: 2385
Run Time: 2644
Run Time: 2375
Run Time: 2387
Run Time: 2491
Run Time: 2381
Run Time: 2375
Run Time: 2517
Run Time: 2427
Run Time: 2376
Run Time: 2534
Run Time: 2589
Run Time: 2402
Run Time: 2516
Run Time: 2383
Run Time: 2640
Run Time: 2408
Run Time: 2387
Run Time: 2435
Run Time: 2388
Run Time: 2398
Run Time: 2500
Run Time: 2412
Run Time: 2376
Run Time: 2527
Run Time: 2387
Run Time: 2400
Run Time: 2570
Run Time: 2376
Run Time: 2371
Run Time: 2393
Run Time: 2381
Run Time: 2429
Run Time: 2446
Run Time: 2370
Run Time: 2431
Run Time: 2400
Run Time: 2391
Run Time: 2453
Run Time: 2385
Run Time: 2458
Run Time: 2511
Run Time: 2382
Run Time: 2378
Run Time: 2567
Run Time: 2395
Run Time: 2383
Run Time: 2384
Run Time: 2389
Run Time: 2403
Run Time: 2441
Run Time: 2635
Run Time: 2477
Run Time: 2386
Run Time: 2460
Run Time: 2401
Run Time: 2377
Run Time: 2648
Run Time: 2484
Run Time: 2377
Run Time: 2372
Run Time: 2428
Run Time: 2379
Run Time: 2401
Run Time: 2567
Run Time: 2397
Run Time: 2393
Run Time: 2653
Run Time: 2384
Run Time: 2662
Run Time: 2439
Run Time: 2403
Run Time: 2485
Run Time: 2392
Run Time: 2363
Run Time: 2503
Run Time: 2409
Run Time: 2388
Run Time: 2416
Run Time: 2357
Run Time: 2407
Run Time: 2459
Run Time: 2385
Run Time: 2394
Run Time: 2465
Run Time: 2550
Run Time: 2435
Run Time: 2400
Run Time: 2399
Run Time: 2439
Run Time: 2416
Run Time: 3003
Run Time: 2475
Run Time: 2389
Run Time: 2385
Run Time: 2479
Using TensorFlow backend.
